711231.750000
124551.500000
1297912
1204 1078
12.540000
bk1 868 896 1204 1029 
bk10a 497 0 875 119 
bk10b 602 392 742 553 
bk10c 1057 0 1176 49 
bk11 1057 49 1176 224 
bk12 1057 350 1197 756 
bk13 0 0 497 140 
bk14a 84 455 203 651 
bk14b 931 469 1050 763 
bk14c 392 259 553 378 
bk15a 378 742 644 861 
bk15b 392 140 728 259 
bk16 1057 224 1176 350 
bk17a 497 896 868 1078 
bk17b 315 875 497 1078 
bk18 0 651 182 854 
bk19 742 469 861 553 
bk2 924 119 1057 413 
bk20 742 119 924 469 
bk21 133 140 273 455 
bk3 0 875 315 1008 
bk4 644 763 1204 896 
bk5a 553 259 693 392 
bk5b 203 742 378 875 
bk5c 602 553 833 686 
bk6 0 140 133 455 
bk7 833 553 931 735 
bk8a 392 392 602 602 
bk8b 203 616 581 742 
bk9a 875 0 1057 119 
bk9b 273 140 392 259 
bk9c 273 259 392 616 
bk9d 0 455 84 574 
