7700 10374
M001 0 1554 1708 4788 
M002 2688 7000 3360 8554 
M003 3682 0 5866 1008 
M004 2688 8554 5768 10164 
M005 4550 5460 5082 6846 
M006 2688 6118 4550 7000 
M007 6692 1750 7042 2618 
M008 5866 0 6510 1246 
M009 406 7308 1386 7770 
M010 0 4788 294 5404 
M011 1386 6538 2212 6916 
M012 6902 2618 7700 3024 
M013 4872 3276 5138 3948 
M014 0 7210 406 8134 
M015 6286 1988 6692 2828 
M016 4550 4662 4872 5460 
M017 2296 1988 2688 2744 
M018 5208 1988 6286 2380 
M019 2212 5292 2604 6118 
M020 1890 6916 2688 7168 
M021 0 0 392 826 
M022 406 7770 1358 8134 
M023 5768 2982 6902 3472 
M024 294 4788 1092 5054 
M025 406 9100 1190 9422 
M026 5768 3472 6118 4200 
M027 7042 1246 7406 2086 
M028 3290 2744 3808 3808 
M029 4718 1988 5208 2982 
M030 0 826 1302 1554 
M031 0 6160 392 7210 
M032 1890 9422 2674 9800 
M033 0 9422 1890 10374 
M034 406 6160 966 7308 
M035 1302 0 2156 392 
M036 2296 4788 3290 5236 
M037 3290 3808 4508 4368 
M038 406 8134 854 9100 
M039 1386 6916 1750 7700 
M040 1092 5292 1484 6160 
M041 4508 3808 4872 4662 
M042 1386 6160 1554 6538 
M043 3808 2744 4718 3276 
M044 5138 3276 5768 4578 
M045 1708 826 2380 1988 
M046 1092 4788 2296 5292 
M047 6902 3024 7336 3836 
M048 2380 0 3682 728 
M049 2688 1008 3080 1750 
